1. out from client 1

   [wenjunzh@unix14 Lisod]$ ./echo_client 128.2.13.143 8081
   test1
   Sending test1
   Received test1
   test2
   Sending test2
   Received test2
   test3
   Sending test3
   Received test3
   test4
   Sending test4
   Received test4

2. out from client 2

   [wenjunzh@unix14 Lisod]$ ./echo_client 128.2.13.143 8081
   test a
   Sending test a
   Received test a
   test b
   Sending test b
   Received test b
   test c
   Sending test c
   Received test c
   test d
   Sending test d
   Received test d

3. lisod.log

   [wenjunzh@unix14 Lisod]$ cat lisod.log
   [20120913 18:32:03] Start Liso server 
   [20120913 18:32:03] socket success! 
   [20120913 18:32:03] bind success! 
   [20120913 18:32:03] listen success! 
   [20120913 18:32:31] accept client 
   [20120913 18:32:51] accept client 
   [20120913 18:33:02] test1 
   [20120913 18:33:08] test a 
   [20120913 18:33:17] test2 
   [20120913 18:33:21] test b 
   [20120913 18:33:26] test3 
   [20120913 18:33:34] test c 
   [20120913 18:33:39] test d 
   [20120913 18:33:43] test4 

4. report from valgrind
   [wenjunzh@unix14 Lisod]$ valgrind --tool=memcheck --leak-check=yes ./lisod
   8081 4443 lisod.log lisod.lock www cgi priv cert
   ==29741== Memcheck, a memory error detector
   ==29741== Copyright (C) 2002-2010, and GNU GPL'd, by Julian Seward et al.
   ==29741== Using Valgrind-3.6.0 and LibVEX; rerun with -h for copyright info
   ==29741== Command: ./lisod 8081 4443 lisod.log lisod.lock www cgi priv cert
   ==29741== 

     Electric Fence 2.2.2 Copyright (C) 1987-1999 Bruce Perens
     <bruce@perens.com>
     ----- Echo Server -----
     ^C==29741== 
     ==29741== HEAP SUMMARY:
     ==29741==     in use at exit: 0 bytes in 0 blocks
     ==29741==   total heap usage: 0 allocs, 0 frees, 0 bytes allocated
     ==29741== 
     ==29741== All heap blocks were freed -- no leaks are possible
     ==29741== 
     ==29741== For counts of detected and suppressed errors, rerun with: -v
     ==29741== ERROR SUMMARY: 0 errors from 0 contexts (suppressed: 6 from 6)

